生成启动时间为 10/3/2020 12:25:34 PM。
     1>项目“E:\腾讯云ftp\leetcode_test\Leetcode\Cplusplus\Cplusplus\Cplusplus\Cplusplus.vcxproj”在节点 2 上(Build 个目标)。
     1>ClCompile:
         D:\code_tool\vs2013\VC\bin\CL.exe /c /ZI /nologo /W3 /WX- /sdl /Od /Oy- /D _MBCS /Gm /EHsc /RTC1 /MDd /GS /fp:precise /Zc:wchar_t /Zc:forScope /Fo"Debug\\" /Fd"Debug\vc120.pdb" /Gd /TP /analyze- /errorReport:prompt "纯虚函数抽象类.cpp"
         纯虚函数抽象类.cpp
       Link:
         D:\code_tool\vs2013\VC\bin\link.exe /ERRORREPORT:PROMPT /OUT:"E:\腾讯云ftp\leetcode_test\Leetcode\Cplusplus\Cplusplus\Debug\Cplusplus.exe" /INCREMENTAL /NOLOGO kernel32.lib user32.lib gdi32.lib winspool.lib comdlg32.lib advapi32.lib shell32.lib ole32.lib oleaut32.lib uuid.lib odbc32.lib odbccp32.lib /MANIFEST /MANIFESTUAC:"level='asInvoker' uiAccess='false'" /manifest:embed /DEBUG /PDB:"E:\腾讯云ftp\leetcode_test\Leetcode\Cplusplus\Cplusplus\Debug\Cplusplus.pdb" /TLBID:1 /DYNAMICBASE /NXCOMPAT /IMPLIB:"E:\腾讯云ftp\leetcode_test\Leetcode\Cplusplus\Cplusplus\Debug\Cplusplus.lib" /MACHINE:X86 Debug\const.obj
         "Debug\new操作符.obj"
         Debug\structClass.obj
         "Debug\this指针.obj"
         "Debug\全局区.obj"
         "Debug\关系型运算符重载.obj"
         "Debug\函数参数.obj"
         "Debug\仿函数.obj"
         "Debug\函数重载.obj"
         "Debug\初始化列表.obj"
         "Debug\占位符.obj"
         "Debug\友元.obj"
         "Debug\堆区.obj"
         "Debug\多态.obj"
         "Debug\多继承.obj"
         "Debug\对象模型.obj"
         "Debug\左移运算符.obj"
         "Debug\引用.obj"
         "Debug\引用做返回值.obj"
         "Debug\引用参数.obj"
         "Debug\拷贝构造时机.obj"
         "Debug\构造函数.obj"
         "Debug\构造函数时机.obj"
         "Debug\构造和析构.obj"
         "Debug\栈区.obj"
         "Debug\深拷贝浅拷贝.obj"
         "Debug\私有属性.obj"
         "Debug\空指针调用成员函数.obj"
         "Debug\立方体类.obj"
         "Debug\类.obj"
         "Debug\类友元.obj"
         "Debug\类成员.obj"
         "Debug\纯虚函数抽象类.obj"
         "Debug\继承.obj"
         "Debug\继承中的对象模型.obj"
         "Debug\继承同名函数.obj"
         "Debug\继承方式.obj"
         "Debug\菱形继承.obj"
         "Debug\访问权限.obj"
         "Debug\赋值运算符.obj"
         "Debug\运算符重载.obj"
         "Debug\静态成员函数.obj"
         Cplusplus.vcxproj -> E:\腾讯云ftp\leetcode_test\Leetcode\Cplusplus\Cplusplus\Debug\Cplusplus.exe
     1>已完成生成项目“E:\腾讯云ftp\leetcode_test\Leetcode\Cplusplus\Cplusplus\Cplusplus\Cplusplus.vcxproj”(Build 个目标)的操作。

生成成功。

已用时间 00:00:00.90
