e:\腾讯云ftp\leetcode_test\leetcode\cplusplus\cplusplus\cplusplus\debug\vc120.pdb
e:\腾讯云ftp\leetcode_test\leetcode\cplusplus\cplusplus\cplusplus\debug\vc120.idb
e:\腾讯云ftp\leetcode_test\leetcode\cplusplus\cplusplus\cplusplus\debug\占位符.obj
e:\腾讯云ftp\leetcode_test\leetcode\cplusplus\cplusplus\cplusplus\debug\友元.obj
e:\腾讯云ftp\leetcode_test\leetcode\cplusplus\cplusplus\cplusplus\debug\堆区.obj
e:\腾讯云ftp\leetcode_test\leetcode\cplusplus\cplusplus\cplusplus\debug\对象模型.obj
e:\腾讯云ftp\leetcode_test\leetcode\cplusplus\cplusplus\cplusplus\debug\引用.obj
e:\腾讯云ftp\leetcode_test\leetcode\cplusplus\cplusplus\cplusplus\debug\引用做返回值.obj
e:\腾讯云ftp\leetcode_test\leetcode\cplusplus\cplusplus\cplusplus\debug\引用参数.obj
e:\腾讯云ftp\leetcode_test\leetcode\cplusplus\cplusplus\cplusplus\debug\拷贝构造时机.obj
e:\腾讯云ftp\leetcode_test\leetcode\cplusplus\cplusplus\cplusplus\debug\构造函数.obj
e:\腾讯云ftp\leetcode_test\leetcode\cplusplus\cplusplus\cplusplus\debug\构造函数时机.obj
e:\腾讯云ftp\leetcode_test\leetcode\cplusplus\cplusplus\cplusplus\debug\栈区.obj
e:\腾讯云ftp\leetcode_test\leetcode\cplusplus\cplusplus\cplusplus\debug\深拷贝浅拷贝.obj
e:\腾讯云ftp\leetcode_test\leetcode\cplusplus\cplusplus\cplusplus\debug\私有属性.obj
e:\腾讯云ftp\leetcode_test\leetcode\cplusplus\cplusplus\cplusplus\debug\空指针调用成员函数.obj
e:\腾讯云ftp\leetcode_test\leetcode\cplusplus\cplusplus\cplusplus\debug\立方体类.obj
e:\腾讯云ftp\leetcode_test\leetcode\cplusplus\cplusplus\cplusplus\debug\类.obj
e:\腾讯云ftp\leetcode_test\leetcode\cplusplus\cplusplus\cplusplus\debug\类友元.obj
e:\腾讯云ftp\leetcode_test\leetcode\cplusplus\cplusplus\cplusplus\debug\类成员.obj
e:\腾讯云ftp\leetcode_test\leetcode\cplusplus\cplusplus\cplusplus\debug\访问权限.obj
e:\腾讯云ftp\leetcode_test\leetcode\cplusplus\cplusplus\cplusplus\debug\静态成员函数.obj
e:\腾讯云ftp\leetcode_test\leetcode\cplusplus\cplusplus\cplusplus\debug\const.obj
e:\腾讯云ftp\leetcode_test\leetcode\cplusplus\cplusplus\cplusplus\debug\new操作符.obj
e:\腾讯云ftp\leetcode_test\leetcode\cplusplus\cplusplus\cplusplus\debug\structclass.obj
e:\腾讯云ftp\leetcode_test\leetcode\cplusplus\cplusplus\cplusplus\debug\this指针.obj
e:\腾讯云ftp\leetcode_test\leetcode\cplusplus\cplusplus\cplusplus\debug\全局区.obj
e:\腾讯云ftp\leetcode_test\leetcode\cplusplus\cplusplus\cplusplus\debug\函数参数.obj
e:\腾讯云ftp\leetcode_test\leetcode\cplusplus\cplusplus\cplusplus\debug\函数重载.obj
e:\腾讯云ftp\leetcode_test\leetcode\cplusplus\cplusplus\cplusplus\debug\初始化列表.obj
e:\腾讯云ftp\leetcode_test\leetcode\cplusplus\cplusplus\cplusplus\debug\运算符重载.obj
e:\腾讯云ftp\leetcode_test\leetcode\cplusplus\cplusplus\cplusplus\debug\左移运算符.obj
e:\腾讯云ftp\leetcode_test\leetcode\cplusplus\cplusplus\cplusplus\debug\赋值运算符.obj
e:\腾讯云ftp\leetcode_test\leetcode\cplusplus\cplusplus\cplusplus\debug\关系型运算符重载.obj
e:\腾讯云ftp\leetcode_test\leetcode\cplusplus\cplusplus\cplusplus\debug\函数调用重载.obj
e:\腾讯云ftp\leetcode_test\leetcode\cplusplus\cplusplus\cplusplus\debug\仿函数.obj
e:\腾讯云ftp\leetcode_test\leetcode\cplusplus\cplusplus\cplusplus\debug\继承.obj
e:\腾讯云ftp\leetcode_test\leetcode\cplusplus\cplusplus\debug\cplusplus.ilk
e:\腾讯云ftp\leetcode_test\leetcode\cplusplus\cplusplus\debug\cplusplus.exe
e:\腾讯云ftp\leetcode_test\leetcode\cplusplus\cplusplus\debug\cplusplus.pdb
e:\腾讯云ftp\leetcode_test\leetcode\cplusplus\cplusplus\cplusplus\debug\cplusplus.tlog\cl.command.1.tlog
e:\腾讯云ftp\leetcode_test\leetcode\cplusplus\cplusplus\cplusplus\debug\cplusplus.tlog\cl.read.1.tlog
e:\腾讯云ftp\leetcode_test\leetcode\cplusplus\cplusplus\cplusplus\debug\cplusplus.tlog\cl.write.1.tlog
e:\腾讯云ftp\leetcode_test\leetcode\cplusplus\cplusplus\cplusplus\debug\cplusplus.tlog\link.command.1.tlog
e:\腾讯云ftp\leetcode_test\leetcode\cplusplus\cplusplus\cplusplus\debug\cplusplus.tlog\link.read.1.tlog
e:\腾讯云ftp\leetcode_test\leetcode\cplusplus\cplusplus\cplusplus\debug\cplusplus.tlog\link.write.1.tlog
