e:\腾讯云ftp\leetcode_test\leetcode\ccplusplus\cplusplus\cplusplus\debug\vc120.pdb
e:\腾讯云ftp\leetcode_test\leetcode\ccplusplus\cplusplus\cplusplus\debug\vc120.idb
e:\腾讯云ftp\leetcode_test\leetcode\ccplusplus\cplusplus\cplusplus\debug\模版.obj
e:\腾讯云ftp\leetcode_test\leetcode\ccplusplus\cplusplus\cplusplus\debug\stl.obj
e:\腾讯云ftp\leetcode_test\leetcode\ccplusplus\cplusplus\cplusplus\debug\模板编译原理.obj
e:\腾讯云ftp\leetcode_test\leetcode\ccplusplus\cplusplus\cplusplus\debug\string.obj
e:\腾讯云ftp\leetcode_test\leetcode\ccplusplus\cplusplus\cplusplus\debug\vector.obj
e:\腾讯云ftp\leetcode_test\leetcode\ccplusplus\cplusplus\cplusplus\debug\deque.obj
e:\腾讯云ftp\leetcode_test\leetcode\ccplusplus\cplusplus\cplusplus\debug\stack.obj
e:\腾讯云ftp\leetcode_test\leetcode\ccplusplus\cplusplus\cplusplus\debug\queue.obj
e:\腾讯云ftp\leetcode_test\leetcode\ccplusplus\cplusplus\cplusplus\debug\list.obj
e:\腾讯云ftp\leetcode_test\leetcode\ccplusplus\cplusplus\cplusplus\debug\map.obj
e:\腾讯云ftp\leetcode_test\leetcode\ccplusplus\cplusplus\cplusplus\debug\set.obj
e:\腾讯云ftp\leetcode_test\leetcode\ccplusplus\cplusplus\debug\cplusplus.ilk
e:\腾讯云ftp\leetcode_test\leetcode\ccplusplus\cplusplus\debug\cplusplus.exe
e:\腾讯云ftp\leetcode_test\leetcode\ccplusplus\cplusplus\debug\cplusplus.pdb
e:\腾讯云ftp\leetcode_test\leetcode\ccplusplus\cplusplus\cplusplus\debug\cplusplus.tlog\cl.command.1.tlog
e:\腾讯云ftp\leetcode_test\leetcode\ccplusplus\cplusplus\cplusplus\debug\cplusplus.tlog\cl.read.1.tlog
e:\腾讯云ftp\leetcode_test\leetcode\ccplusplus\cplusplus\cplusplus\debug\cplusplus.tlog\cl.write.1.tlog
e:\腾讯云ftp\leetcode_test\leetcode\ccplusplus\cplusplus\cplusplus\debug\cplusplus.tlog\link.command.1.tlog
e:\腾讯云ftp\leetcode_test\leetcode\ccplusplus\cplusplus\cplusplus\debug\cplusplus.tlog\link.read.1.tlog
e:\腾讯云ftp\leetcode_test\leetcode\ccplusplus\cplusplus\cplusplus\debug\cplusplus.tlog\link.write.1.tlog
